2025-03-03 10:09:19,323 - db_init - INFO - 正在连接到postgres数据库...
2025-03-03 10:09:19,429 - db_init - INFO - 成功连接到postgres数据库
2025-03-03 10:09:19,431 - db_init - INFO - 数据库 'wenzheng_db' 不存在，开始创建...
2025-03-03 10:09:19,824 - db_init - INFO - 数据库 'wenzheng_db' 创建成功
2025-03-03 10:09:19,825 - db_init - INFO - 用户 'wenzheng_user' 已存在，跳过创建
2025-03-03 10:09:19,826 - db_init - INFO - 正在为用户 'wenzheng_user' 授权...
2025-03-03 10:09:19,943 - db_init - INFO - 已授权用户 'wenzheng_user' 访问数据库 'wenzheng_db' 的 public 模式
2025-03-03 10:09:19,944 - db_init - INFO - 已授权用户 'wenzheng_user' 在数据库 'wenzheng_db' 的 public 模式下创建对象
2025-03-03 10:09:19,945 - db_init - INFO - 已授权用户 'wenzheng_user' 连接到数据库 'wenzheng_db'
2025-03-03 10:09:19,945 - db_init - INFO - 正在连接到数据库 'wenzheng_db' 创建表结构...
2025-03-03 10:09:20,086 - db_init - INFO - 表结构创建完成
2025-03-03 10:09:20,087 - db_init - INFO - 数据库连接测试成功！当前时间: 2025-03-03 10:09:20.087580+08:00
2025-03-03 10:09:20,087 - db_init - INFO - 数据库连接已关闭
2025-03-03 10:15:18,260 - db_init - INFO - 正在连接到postgres数据库...
2025-03-03 10:15:18,390 - db_init - INFO - 成功连接到postgres数据库
2025-03-03 10:15:18,393 - db_init - INFO - 数据库 'wenzheng_db' 已存在，跳过创建
2025-03-03 10:15:18,396 - db_init - INFO - 用户 'wenzheng_user' 已存在，跳过创建
2025-03-03 10:15:18,396 - db_init - INFO - 正在为用户 'wenzheng_user' 授权...
2025-03-03 10:15:18,502 - db_init - INFO - 已授权用户 'wenzheng_user' 访问数据库 'wenzheng_db' 的 public 模式
2025-03-03 10:15:18,504 - db_init - INFO - 已授权用户 'wenzheng_user' 在数据库 'wenzheng_db' 的 public 模式下创建对象
2025-03-03 10:15:18,504 - db_init - INFO - 已授权用户 'wenzheng_user' 连接到数据库 'wenzheng_db'
2025-03-03 10:15:18,504 - db_init - INFO - 正在连接到数据库 'wenzheng_db' 创建表结构...
2025-03-03 10:15:18,741 - db_init - INFO - 表结构创建完成
2025-03-03 10:15:18,742 - db_init - INFO - 数据库连接测试成功！当前时间: 2025-03-03 10:15:18.741738+08:00
2025-03-03 10:15:18,743 - db_init - INFO - 数据库连接已关闭
2025-03-03 10:15:21,847 - db_init - INFO - 正在连接到postgres数据库...
2025-03-03 10:15:21,971 - db_init - INFO - 成功连接到postgres数据库
2025-03-03 10:15:21,973 - db_init - INFO - 数据库 'wenzheng_db' 已存在，跳过创建
2025-03-03 10:15:21,975 - db_init - INFO - 用户 'wenzheng_user' 已存在，跳过创建
2025-03-03 10:15:21,976 - db_init - INFO - 正在为用户 'wenzheng_user' 授权...
2025-03-03 10:15:22,079 - db_init - INFO - 已授权用户 'wenzheng_user' 访问数据库 'wenzheng_db' 的 public 模式
2025-03-03 10:15:22,080 - db_init - INFO - 已授权用户 'wenzheng_user' 在数据库 'wenzheng_db' 的 public 模式下创建对象
2025-03-03 10:15:22,081 - db_init - INFO - 已授权用户 'wenzheng_user' 连接到数据库 'wenzheng_db'
2025-03-03 10:15:22,081 - db_init - INFO - 正在连接到数据库 'wenzheng_db' 创建表结构...
2025-03-03 10:15:22,186 - db_init - INFO - 表结构创建完成
2025-03-03 10:15:22,186 - db_init - INFO - 数据库连接测试成功！当前时间: 2025-03-03 10:15:22.187430+08:00
2025-03-03 10:15:22,187 - db_init - INFO - 数据库连接已关闭
